[07-Oct-2024 02:00:02] NOTICE: fpm is running, pid 453
[07-Oct-2024 02:00:02] NOTICE: ready to handle connections
[07-Oct-2024 03:06:10] NOTICE: Terminating ...
[07-Oct-2024 03:06:10] NOTICE: exiting, bye-bye!
[07-Oct-2024 03:06:26] NOTICE: fpm is running, pid 254
[07-Oct-2024 03:06:26] NOTICE: ready to handle connections
[07-Oct-2024 03:08:22] NOTICE: Terminating ...
[07-Oct-2024 03:08:22] NOTICE: exiting, bye-bye!
[07-Oct-2024 03:08:34] NOTICE: fpm is running, pid 255
[07-Oct-2024 03:08:34] NOTICE: ready to handle connections
[07-Oct-2024 03:09:19] NOTICE: Terminating ...
[07-Oct-2024 03:09:19] NOTICE: exiting, bye-bye!
[07-Oct-2024 03:09:36] NOTICE: fpm is running, pid 252
[07-Oct-2024 03:09:36] NOTICE: ready to handle connections
[07-Oct-2024 03:09:45] NOTICE: Terminating ...
[07-Oct-2024 03:09:45] NOTICE: exiting, bye-bye!
[07-Oct-2024 03:10:09] NOTICE: fpm is running, pid 256
[07-Oct-2024 03:10:09] NOTICE: ready to handle connections
[07-Oct-2024 03:46:39] NOTICE: Terminating ...
[07-Oct-2024 03:46:39] NOTICE: exiting, bye-bye!
[30-Nov-2024 23:54:03] NOTICE: fpm is running, pid 254
[30-Nov-2024 23:54:03] NOTICE: ready to handle connections
[01-Dec-2024 00:00:23] NOTICE: Terminating ...
[01-Dec-2024 00:00:23] NOTICE: exiting, bye-bye!
[01-Dec-2024 00:00:50] NOTICE: fpm is running, pid 252
[01-Dec-2024 00:00:50] NOTICE: ready to handle connections
[01-Dec-2024 00:31:35] NOTICE: Terminating ...
[01-Dec-2024 00:31:35] NOTICE: exiting, bye-bye!
